
=== Connection at Fri Mar 20 12:15:59 2026
Client: 127.0.0.1
Protocol: TLSv1.3
Cipher: TLS_AES_256_GCM_SHA384
Key exchange: unknown (NID: 16781804)

=== Connection at Fri Mar 20 12:24:29 2026
Client: 127.0.0.1
Protocol: TLSv1.3
Cipher: TLS_AES_256_GCM_SHA384
Key exchange: HYBRID(0x10011EC) (NID: 16781804/0x10011EC)

=== Connection at Fri Mar 20 12:33:53 2026
Client: 127.0.0.1
Protocol: TLSv1.3
Cipher: TLS_AES_256_GCM_SHA384
Key exchange: HYBRID(0x10011EC) (NID: 16781804/0x10011EC)

=== Connection at Fri Mar 20 12:34:43 2026
Client: 127.0.0.1
Protocol: TLSv1.3
Cipher: TLS_AES_256_GCM_SHA384
Key exchange: HYBRID(0x10011EC) (NID: 16781804/0x10011EC)

=== Connection at Fri Mar 20 12:34:49 2026
Client: 127.0.0.1
Protocol: TLSv1.3
Cipher: TLS_AES_256_GCM_SHA384
Key exchange: HYBRID(0x10011EC) (NID: 16781804/0x10011EC)
